<?xml version="1.0" encoding="UTF-8"?>
<!-- Generated by org.testng.reporters.JUnitReportReporter -->
<testsuite hostname="JAGA" name="com.jaga.cucumber.framework.runner.AccountCreationPageRunner" tests="1" failures="0" timestamp="14 Mar 2018 05:28:32 GMT" time="20.214" errors="0">
  <testcase name="feature" time="20.214" classname="com.jaga.cucumber.framework.runner.AccountCreationPageRunner"/>
</testsuite> <!-- com.jaga.cucumber.framework.runner.AccountCreationPageRunner -->
