<?xml version="1.0" encoding="UTF-8"?>
<!-- Generated by org.testng.reporters.JUnitReportReporter -->
<testsuite hostname="JAGA" name="com.jaga.cucumber.framework.runner.SignInPageRunner" tests="1" failures="0" timestamp="14 Mar 2018 05:32:21 GMT" time="15.784" errors="0">
  <testcase name="feature" time="15.784" classname="com.jaga.cucumber.framework.runner.SignInPageRunner"/>
</testsuite> <!-- com.jaga.cucumber.framework.runner.SignInPageRunner -->
