<?xml version="1.0" encoding="UTF-8"?>
<!-- Generated by org.testng.reporters.JUnitReportReporter -->
<testsuite hostname="JAGA" name="com.jaga.cucumber.framework.runner.SignInPageRunner" tests="1" failures="0" timestamp="20 Mar 2018 04:23:39 GMT" time="30.256" errors="0">
  <testcase name="feature" time="30.256" classname="com.jaga.cucumber.framework.runner.SignInPageRunner"/>
</testsuite> <!-- com.jaga.cucumber.framework.runner.SignInPageRunner -->
