<?xml version="1.0" encoding="UTF-8"?>
<!-- Generated by org.testng.reporters.JUnitReportReporter -->
<testsuite hostname="JAGA" name="com.jaga.cucumber.framework.runner.AccountCreationPageRunner" tests="1" failures="0" timestamp="14 Mar 2018 04:13:09 GMT" time="38.623" errors="0">
  <testcase name="feature" time="38.623" classname="com.jaga.cucumber.framework.runner.AccountCreationPageRunner"/>
</testsuite> <!-- com.jaga.cucumber.framework.runner.AccountCreationPageRunner -->
