<?xml version="1.0" encoding="UTF-8"?>
<!-- Generated by org.testng.reporters.JUnitReportReporter -->
<testsuite hostname="JAGA" name="com.jaga.cucumber.framework.runner.SignInPageRunner" tests="1" failures="0" timestamp="21 Mar 2018 03:26:33 GMT" time="26.780" errors="0">
  <testcase name="feature" time="26.780" classname="com.jaga.cucumber.framework.runner.SignInPageRunner"/>
</testsuite> <!-- com.jaga.cucumber.framework.runner.SignInPageRunner -->
