<?xml version="1.0" encoding="UTF-8"?>
<!-- Generated by org.testng.reporters.JUnitReportReporter -->
<testsuite hostname="JAGA" name="com.jaga.cucumber.framework.runner.FaceBookLoginRunner" tests="1" failures="0" timestamp="5 Mar 2018 04:43:04 GMT" time="29.020" errors="0">
  <testcase name="feature" time="29.020" classname="com.jaga.cucumber.framework.runner.FaceBookLoginRunner"/>
</testsuite> <!-- com.jaga.cucumber.framework.runner.FaceBookLoginRunner -->
